TN:
SF:src/userService.ts
FN:10,UserService
FN:14,me
FN:21,user
FN:28,users
FN:39,signup
FN:59,login
FN:77,updateProfile
FN:101,deleteAccount
FNF:8
FNH:6
FNDA:10,UserService
FNDA:2,me
FNDA:2,user
FNDA:0,users
FNDA:2,signup
FNDA:3,login
FNDA:1,updateProfile
FNDA:0,deleteAccount
DA:1,1
DA:2,1
DA:3,1
DA:4,1
DA:5,1
DA:6,1
DA:7,1
DA:8,1
DA:9,1
DA:10,1
DA:11,10
DA:12,10
DA:13,1
DA:14,1
DA:15,2
DA:16,1
DA:17,1
DA:18,1
DA:19,1
DA:20,1
DA:21,1
DA:22,2
DA:23,1
DA:24,1
DA:25,1
DA:26,1
DA:27,1
DA:28,1
DA:29,0
DA:30,0
DA:31,0
DA:32,0
DA:33,0
DA:34,0
DA:35,0
DA:36,0
DA:37,0
DA:38,1
DA:39,1
DA:40,2
DA:41,2
DA:42,2
DA:43,1
DA:44,1
DA:45,1
DA:46,1
DA:47,1
DA:48,1
DA:49,1
DA:50,1
DA:51,1
DA:52,1
DA:53,1
DA:54,1
DA:55,1
DA:56,1
DA:57,1
DA:58,1
DA:59,1
DA:60,3
DA:61,3
DA:62,3
DA:63,1
DA:64,1
DA:65,2
DA:66,3
DA:67,1
DA:68,1
DA:69,1
DA:70,1
DA:71,1
DA:72,1
DA:73,1
DA:74,1
DA:75,1
DA:76,1
DA:77,1
DA:78,1
DA:79,1
DA:80,1
DA:81,1
DA:82,1
DA:83,1
DA:84,1
DA:85,1
DA:86,1
DA:87,1
DA:88,1
DA:89,1
DA:90,0
DA:91,0
DA:92,0
DA:93,1
DA:94,1
DA:95,1
DA:96,1
DA:97,1
DA:98,1
DA:99,1
DA:100,1
DA:101,1
DA:102,0
DA:103,0
DA:104,0
DA:105,1
LF:105
LH:90
BRDA:10,0,0,10
BRDA:14,1,0,2
BRDA:15,2,0,1
BRDA:21,3,0,2
BRDA:22,4,0,1
BRDA:39,5,0,2
BRDA:42,6,0,1
BRDA:59,7,0,3
BRDA:62,8,0,1
BRDA:65,9,0,2
BRDA:66,10,0,1
BRDA:77,11,0,1
BRDA:90,12,0,0
BRDA:94,13,0,0
BRDA:95,14,0,0
BRDA:96,15,0,0
BRF:16
BRH:12
end_of_record
TN:
SF:src/resolvers/userResolver.ts
FN:7,fullName
FN:15,me
FN:21,user
FN:24,users
FN:32,signup
FN:36,login
FN:40,updateProfile
FN:47,deleteAccount
FNF:8
FNH:4
FNDA:0,fullName
FNDA:2,me
FNDA:0,user
FNDA:1,users
FNDA:0,signup
FNDA:0,login
FNDA:1,updateProfile
FNDA:1,deleteAccount
DA:1,1
DA:2,1
DA:3,1
DA:4,1
DA:5,1
DA:6,1
DA:7,1
DA:8,0
DA:9,0
DA:10,0
DA:11,0
DA:12,1
DA:13,1
DA:14,1
DA:15,1
DA:16,2
DA:17,1
DA:18,1
DA:19,1
DA:20,1
DA:21,1
DA:22,0
DA:23,1
DA:24,1
DA:25,1
DA:26,1
DA:27,1
DA:28,0
DA:29,1
DA:30,1
DA:31,1
DA:32,1
DA:33,0
DA:34,1
DA:35,1
DA:36,1
DA:37,0
DA:38,1
DA:39,1
DA:40,1
DA:41,1
DA:42,1
DA:43,1
DA:44,0
DA:45,1
DA:46,1
DA:47,1
DA:48,1
DA:49,1
DA:50,1
DA:51,0
DA:52,1
DA:53,1
DA:54,1
DA:55,1
DA:56,1
LF:56
LH:46
BRDA:15,0,0,2
BRDA:16,1,0,1
BRDA:24,2,0,1
BRDA:28,3,0,0
BRDA:40,4,0,1
BRDA:44,5,0,0
BRDA:47,6,0,1
BRDA:51,7,0,0
BRF:8
BRH:5
end_of_record
